<?xml version="1.0" encoding="UTF-8"?>
<testng-results total="0" passed="0" failed="0" skipped="0">
  <reporter-output>
  </reporter-output>
  <suite started-at="2021-04-17T02:57:16Z" name="FrontControllerTest" finished-at="2021-04-17T02:57:16Z" duration-ms="6">
    <groups>
    </groups>
    <test started-at="2021-04-17T02:57:16Z" name="Command line test" finished-at="2021-04-17T02:57:16Z" duration-ms="6">
    </test> <!-- Command line test -->
  </suite> <!-- FrontControllerTest -->
</testng-results>
